mode: set
link-shortener/pkg/generator/generator.go:16.32,21.2 1 1
link-shortener/pkg/generator/generator.go:24.48,26.35 2 1
link-shortener/pkg/generator/generator.go:26.35,28.17 2 1
link-shortener/pkg/generator/generator.go:28.17,30.4 1 0
link-shortener/pkg/generator/generator.go:31.3,31.35 1 1
link-shortener/pkg/generator/generator.go:33.2,33.28 1 1
link-shortener/internal/service/service.go:11.73,12.68 1 1
link-shortener/internal/service/service.go:12.68,14.3 1 1
link-shortener/internal/service/service.go:15.2,17.34 3 1
link-shortener/internal/service/service.go:17.34,19.17 2 1
link-shortener/internal/service/service.go:19.17,21.4 1 0
link-shortener/internal/service/service.go:22.3,23.17 2 1
link-shortener/internal/service/service.go:23.17,25.4 1 1
link-shortener/internal/service/service.go:26.3,26.48 1 0
link-shortener/internal/service/service.go:26.48,27.12 1 0
link-shortener/internal/service/service.go:30.3,30.17 1 0
link-shortener/internal/service/service.go:32.2,32.30 1 0
link-shortener/internal/storage/postgres.go:21.53,27.78 6 0
link-shortener/internal/storage/postgres.go:27.78,29.3 1 0
link-shortener/internal/storage/postgres.go:30.2,33.16 3 0
link-shortener/internal/storage/postgres.go:33.16,35.3 1 0
link-shortener/internal/storage/postgres.go:37.2,42.34 4 0
link-shortener/internal/storage/postgres.go:42.34,44.3 1 0
link-shortener/internal/storage/postgres.go:47.2,48.16 2 0
link-shortener/internal/storage/postgres.go:48.16,50.3 1 0
link-shortener/internal/storage/postgres.go:51.2,51.61 1 0
link-shortener/internal/storage/postgres.go:51.61,53.3 1 0
link-shortener/internal/storage/postgres.go:55.2,55.38 1 0
link-shortener/internal/storage/postgres.go:60.68,65.16 2 0
link-shortener/internal/storage/postgres.go:65.16,66.39 1 0
link-shortener/internal/storage/postgres.go:66.39,67.29 1 0
link-shortener/internal/storage/postgres.go:67.29,69.5 1 0
link-shortener/internal/storage/postgres.go:71.3,71.13 1 0
link-shortener/internal/storage/postgres.go:73.2,73.12 1 0
link-shortener/internal/storage/postgres.go:76.64,82.16 3 0
link-shortener/internal/storage/postgres.go:82.16,83.27 1 0
link-shortener/internal/storage/postgres.go:83.27,85.4 1 0
link-shortener/internal/storage/postgres.go:86.3,86.17 1 0
link-shortener/internal/storage/postgres.go:88.2,88.25 1 0
link-shortener/internal/storage/postgres.go:91.78,97.16 3 0
link-shortener/internal/storage/postgres.go:97.16,98.27 1 0
link-shortener/internal/storage/postgres.go:98.27,100.4 1 0
link-shortener/internal/storage/postgres.go:101.3,101.17 1 0
link-shortener/internal/storage/postgres.go:103.2,103.22 1 0
link-shortener/internal/storage/ram.go:15.34,20.2 1 1
link-shortener/internal/storage/ram.go:22.63,26.49 3 1
link-shortener/internal/storage/ram.go:26.49,28.3 1 1
link-shortener/internal/storage/ram.go:29.2,31.12 3 1
link-shortener/internal/storage/ram.go:34.59,39.13 4 1
link-shortener/internal/storage/ram.go:39.13,41.3 1 1
link-shortener/internal/storage/ram.go:42.2,42.22 1 1
link-shortener/internal/storage/ram.go:45.73,47.13 2 1
link-shortener/internal/storage/ram.go:47.13,49.3 1 0
link-shortener/internal/storage/ram.go:50.2,50.19 1 1
link-shortener/cmd/link-shortener/main.go:13.13,18.32 4 0
link-shortener/cmd/link-shortener/main.go:18.32,21.17 3 0
link-shortener/cmd/link-shortener/main.go:21.17,23.4 1 0
link-shortener/cmd/link-shortener/main.go:24.8,24.34 1 0
link-shortener/cmd/link-shortener/main.go:24.34,26.3 1 0
link-shortener/cmd/link-shortener/main.go:26.8,28.3 1 0
link-shortener/cmd/link-shortener/main.go:30.2,35.39 5 0
link-shortener/cmd/link-shortener/main.go:35.39,37.3 1 0
link-shortener/internal/handlers/handlers.go:21.60,22.30 1 0
link-shortener/internal/handlers/handlers.go:22.30,24.48 2 0
link-shortener/internal/handlers/handlers.go:24.48,27.4 2 0
link-shortener/internal/handlers/handlers.go:29.3,29.28 1 0
link-shortener/internal/handlers/handlers.go:29.28,32.4 2 0
link-shortener/internal/handlers/handlers.go:34.3,35.17 2 0
link-shortener/internal/handlers/handlers.go:35.17,38.4 2 0
link-shortener/internal/handlers/handlers.go:40.3,40.61 1 0
link-shortener/internal/handlers/handlers.go:44.60,45.30 1 0
link-shortener/internal/handlers/handlers.go:45.30,47.21 2 0
link-shortener/internal/handlers/handlers.go:47.21,50.4 2 0
link-shortener/internal/handlers/handlers.go:52.3,53.17 2 0
link-shortener/internal/handlers/handlers.go:53.17,57.4 2 0
link-shortener/internal/handlers/handlers.go:59.3,59.59 1 0
